::1 - - [19/Sep/2017:06:23:33 -0700] "POST /usbci/fetchsn/John-SurfacePro/0801/0001 HTTP/1.1" 201 10 "" "Go-http-client/1.1"
::1 - - [19/Sep/2017:06:23:33 -0700] "POST /usbci/checkin/John-SurfacePro/0801/0001 HTTP/1.1" 201 0 "" "Go-http-client/1.1"
::1 - - [19/Sep/2017:06:27:27 -0700] "POST /usbci/fetchsn/John-SurfacePro/0801/0001 HTTP/1.1" 201 10 "" "Go-http-client/1.1"
::1 - - [19/Sep/2017:06:27:27 -0700] "POST /usbci/checkin/John-SurfacePro/0801/0001 HTTP/1.1" 201 0 "" "Go-http-client/1.1"
::1 - - [19/Sep/2017:06:29:24 -0700] "POST /usbci/fetchsn/John-SurfacePro/0801/0001 HTTP/1.1" 201 10 "" "Go-http-client/1.1"
::1 - - [19/Sep/2017:06:29:24 -0700] "POST /usbci/checkin/John-SurfacePro/0801/0001 HTTP/1.1" 201 0 "" "Go-http-client/1.1"
::1 - - [19/Sep/2017:08:14:58 -0700] "POST /usbci/fetchsn/John-SurfacePro/0801/0001 HTTP/1.1" 500 0 "" "Go-http-client/1.1"
::1 - - [19/Sep/2017:08:15:10 -0700] "POST /usbci/fetchsn/John-SurfacePro/0801/0001 HTTP/1.1" 500 0 "" "Go-http-client/1.1"
::1 - - [19/Sep/2017:08:16:38 -0700] "POST /usbci/fetchsn/John-SurfacePro/0801/0001 HTTP/1.1" 500 0 "" "Go-http-client/1.1"
::1 - - [19/Sep/2017:08:21:27 -0700] "POST /usbci/fetchsn/John-SurfacePro/0801/0001 HTTP/1.1" 500 0 "" "Go-http-client/1.1"
::1 - - [19/Sep/2017:08:26:50 -0700] "POST /usbci/fetchsn/John-SurfacePro/0801/0001 HTTP/1.1" 201 10 "" "Go-http-client/1.1"
::1 - - [19/Sep/2017:08:26:50 -0700] "POST /usbci/checkin/John-SurfacePro/0801/0001 HTTP/1.1" 201 0 "" "Go-http-client/1.1"
::1 - - [19/Sep/2017:08:36:27 -0700] "POST /usbci/fetchsn/John-SurfacePro/0801/0001 HTTP/1.1" 201 10 "" "Go-http-client/1.1"
::1 - - [19/Sep/2017:08:36:27 -0700] "POST /usbci/checkin/John-SurfacePro/0801/0001 HTTP/1.1" 201 0 "" "Go-http-client/1.1"
::1 - - [19/Sep/2017:08:37:59 -0700] "POST /usbci/fetchsn/John-SurfacePro/0801/0001 HTTP/1.1" 200 10 "" "Go-http-client/1.1"
::1 - - [19/Sep/2017:08:37:59 -0700] "POST /usbci/checkin/John-SurfacePro/0801/0001 HTTP/1.1" 201 0 "" "Go-http-client/1.1"
::1 - - [19/Sep/2017:08:38:46 -0700] "POST /usbci/checkin/John-SurfacePro/0801/0001 HTTP/1.1" 201 0 "" "Go-http-client/1.1"
::1 - - [19/Sep/2017:08:41:51 -0700] "POST /usbci/fetchsn/John-SurfacePro/0801/0001 HTTP/1.1" 200 0 "" "Go-http-client/1.1"
::1 - - [19/Sep/2017:08:42:27 -0700] "POST /usbci/fetchsn/John-SurfacePro/0801/0001 HTTP/1.1" 200 0 "" "Go-http-client/1.1"
::1 - - [19/Sep/2017:08:43:34 -0700] "POST /usbci/fetchsn/John-SurfacePro/0801/0001 HTTP/1.1" 406 39 "" "Go-http-client/1.1"
::1 - - [19/Sep/2017:08:51:26 -0700] "POST /usbci/fetchsn/John-SurfacePro/0801/0001 HTTP/1.1" 201 10 "" "Go-http-client/1.1"
::1 - - [19/Sep/2017:08:51:26 -0700] "POST /usbci/checkin/John-SurfacePro/0801/0001 HTTP/1.1" 201 0 "" "Go-http-client/1.1"
::1 - - [19/Sep/2017:08:52:33 -0700] "POST /usbci/fetchsn/John-SurfacePro/0801/0001 HTTP/1.1" 201 10 "" "Go-http-client/1.1"
::1 - - [19/Sep/2017:09:00:36 -0700] "POST /usbci/fetchsn/John-SurfacePro/0801/0001 HTTP/1.1" 201 10 "" "Go-http-client/1.1"
::1 - - [19/Sep/2017:09:05:12 -0700] "POST /usbci/fetchsn/John-SurfacePro/0801/0001 HTTP/1.1" 406 39 "" "Go-http-client/1.1"
::1 - - [19/Sep/2017:09:18:41 -0700] "POST /usbci/fetchsn/John-SurfacePro/0801/0001 HTTP/1.1" 406 39 "" "Go-http-client/1.1"
::1 - - [19/Sep/2017:09:19:09 -0700] "POST /usbci/fetchsn/John-SurfacePro/0801/0001 HTTP/1.1" 204 0 "" "Go-http-client/1.1"
::1 - - [19/Sep/2017:10:35:55 -0700] "POST /usbci/fetchsn/John-SurfacePro/0801/0001 HTTP/1.1" 204 0 "" "Go-http-client/1.1"
::1 - - [19/Sep/2017:12:02:53 -0700] "POST /usbci/checkin/John-SurfacePro/0801/0001 HTTP/1.1" 500 0 "" "Go-http-client/1.1"
::1 - - [19/Sep/2017:12:04:44 -0700] "POST /usbci/checkin/John-SurfacePro/0801/0001 HTTP/1.1" 500 0 "" "Go-http-client/1.1"
::1 - - [19/Sep/2017:12:05:48 -0700] "POST /usbci/checkin/John-SurfacePro/0801/0001 HTTP/1.1" 201 0 "" "Go-http-client/1.1"
::1 - - [19/Sep/2017:12:07:01 -0700] "POST /usbci/newsn/John-SurfacePro/0801/0001 HTTP/1.1" 204 0 "" "Go-http-client/1.1"
::1 - - [19/Sep/2017:12:07:18 -0700] "POST /usbci/newsn/John-SurfacePro/0801/0001 HTTP/1.1" 201 10 "" "Go-http-client/1.1"
::1 - - [19/Sep/2017:12:07:18 -0700] "POST /usbci/checkin/John-SurfacePro/0801/0001 HTTP/1.1" 201 0 "" "Go-http-client/1.1"
::1 - - [19/Sep/2017:21:58:15 -0700] "POST /usbci/checkin/John-SurfacePro/0801/0001 HTTP/1.1" 201 0 "" "Go-http-client/1.1"
::1 - - [19/Sep/2017:22:13:34 -0700] "POST /usbci/newsn/John-SurfacePro/0801/0001 HTTP/1.1" 201 10 "" "Go-http-client/1.1"
::1 - - [19/Sep/2017:22:13:34 -0700] "POST /usbci/checkin/John-SurfacePro/0801/0001 HTTP/1.1" 201 0 "" "Go-http-client/1.1"
::1 - - [19/Sep/2017:22:14:09 -0700] "POST /usbci/newsn/John-SurfacePro/0801/0001 HTTP/1.1" 204 0 "" "Go-http-client/1.1"
::1 - - [20/Sep/2017:13:42:58 -0700] "POST /usbci/checkin/John-SurfacePro/0acd/2030 HTTP/1.1" 201 0 "" "Go-http-client/1.1"
::1 - - [20/Sep/2017:13:42:58 -0700] "POST /usbci/checkin/John-SurfacePro/046d/c52b HTTP/1.1" 201 0 "" "Go-http-client/1.1"
::1 - - [20/Sep/2017:13:49:09 -0700] "POST /usbci/newsn/John-SurfacePro/0801/0001 HTTP/1.1" 201 10 "" "Go-http-client/1.1"
::1 - - [20/Sep/2017:13:49:09 -0700] "POST /usbci/checkin/John-SurfacePro/0801/0001 HTTP/1.1" 201 0 "" "Go-http-client/1.1"
::1 - - [20/Sep/2017:13:49:34 -0700] "POST /usbci/audit/John-SurfacePro/0801/0001/24F0014 HTTP/1.1" 201 0 "" "Go-http-client/1.1"
::1 - - [20/Sep/2017:13:50:39 -0700] "POST /usbci/audit/John-SurfacePro/0801/0001/24F0014 HTTP/1.1" 201 0 "" "Go-http-client/1.1"
::1 - - [20/Sep/2017:13:51:00 -0700] "POST /usbci/audit/John-SurfacePro/0801/0001/24F0014 HTTP/1.1" 201 0 "" "Go-http-client/1.1"
::1 - - [20/Sep/2017:13:54:07 -0700] "POST /usbci/audit/John-SurfacePro/0801/0001/24F0014 HTTP/1.1" 201 0 "" "Go-http-client/1.1"
::1 - - [20/Sep/2017:13:54:13 -0700] "POST /usbci/audit/John-SurfacePro/0801/0001/24F0014 HTTP/1.1" 201 0 "" "Go-http-client/1.1"
::1 - - [20/Sep/2017:13:55:58 -0700] "POST /usbci/audit/John-SurfacePro/0801/0001/24F0014 HTTP/1.1" 201 0 "" "Go-http-client/1.1"
::1 - - [20/Sep/2017:17:12:15 -0700] "POST /usbci/checkin/John-SurfacePro/0801/0001 HTTP/1.1" 201 0 "" "Go-http-client/1.1"
::1 - - [20/Sep/2017:17:12:15 -0700] "POST /usbci/checkin/John-SurfacePro/0acd/2030 HTTP/1.1" 201 0 "" "Go-http-client/1.1"
::1 - - [20/Sep/2017:17:12:15 -0700] "POST /usbci/checkin/John-SurfacePro/046d/c52b HTTP/1.1" 201 0 "" "Go-http-client/1.1"
::1 - - [20/Sep/2017:17:23:11 -0700] "POST /usbci/checkin/John-SurfacePro/0801/0001 HTTP/1.1" 201 0 "" "Go-http-client/1.1"
::1 - - [20/Sep/2017:17:23:11 -0700] "POST /usbci/checkin/John-SurfacePro/0acd/2030 HTTP/1.1" 201 0 "" "Go-http-client/1.1"
::1 - - [20/Sep/2017:17:23:11 -0700] "POST /usbci/checkin/John-SurfacePro/046d/c52b HTTP/1.1" 201 0 "" "Go-http-client/1.1"
::1 - - [20/Sep/2017:17:24:06 -0700] "POST /usbci/checkin/John-SurfacePro/0801/0001 HTTP/1.1" 201 0 "" "Go-http-client/1.1"
::1 - - [20/Sep/2017:17:24:06 -0700] "POST /usbci/checkin/John-SurfacePro/0acd/2030 HTTP/1.1" 201 0 "" "Go-http-client/1.1"
::1 - - [20/Sep/2017:17:24:06 -0700] "POST /usbci/checkin/John-SurfacePro/046d/c52b HTTP/1.1" 201 0 "" "Go-http-client/1.1"
::1 - - [20/Sep/2017:17:25:27 -0700] "POST /usbci/checkin/John-SurfacePro/0801/0001 HTTP/1.1" 201 0 "" "Go-http-client/1.1"
::1 - - [20/Sep/2017:17:25:27 -0700] "POST /usbci/checkin/John-SurfacePro/0acd/2030 HTTP/1.1" 201 0 "" "Go-http-client/1.1"
::1 - - [20/Sep/2017:17:25:27 -0700] "POST /usbci/checkin/John-SurfacePro/046d/c52b HTTP/1.1" 201 0 "" "Go-http-client/1.1"
::1 - - [20/Sep/2017:17:28:19 -0700] "POST /usbci/checkin/John-SurfacePro/0801/0001 HTTP/1.1" 201 0 "" "Go-http-client/1.1"
::1 - - [20/Sep/2017:17:28:19 -0700] "POST /usbci/checkin/John-SurfacePro/0acd/2030 HTTP/1.1" 201 0 "" "Go-http-client/1.1"
::1 - - [20/Sep/2017:17:28:19 -0700] "POST /usbci/checkin/John-SurfacePro/046d/c52b HTTP/1.1" 201 0 "" "Go-http-client/1.1"
::1 - - [20/Sep/2017:17:28:54 -0700] "POST /usbci/checkin/John-SurfacePro/0801/0001 HTTP/1.1" 201 0 "" "Go-http-client/1.1"
::1 - - [20/Sep/2017:17:28:54 -0700] "POST /usbci/checkin/John-SurfacePro/0acd/2030 HTTP/1.1" 201 0 "" "Go-http-client/1.1"
::1 - - [20/Sep/2017:17:28:54 -0700] "POST /usbci/checkin/John-SurfacePro/046d/c52b HTTP/1.1" 201 0 "" "Go-http-client/1.1"
::1 - - [20/Sep/2017:17:53:20 -0700] "POST /usbci/checkin/John-SurfacePro/0801/0001 HTTP/1.1" 201 0 "" "Go-http-client/1.1"
::1 - - [20/Sep/2017:17:53:20 -0700] "POST /usbci/checkin/John-SurfacePro/0acd/2030 HTTP/1.1" 201 0 "" "Go-http-client/1.1"
::1 - - [20/Sep/2017:17:53:20 -0700] "POST /usbci/checkin/John-SurfacePro/046d/c52b HTTP/1.1" 201 0 "" "Go-http-client/1.1"
::1 - - [20/Sep/2017:17:55:23 -0700] "POST /usbci/checkin/John-SurfacePro/0801/0001 HTTP/1.1" 201 0 "" "Go-http-client/1.1"
::1 - - [20/Sep/2017:17:55:23 -0700] "POST /usbci/checkin/John-SurfacePro/0acd/2030 HTTP/1.1" 201 0 "" "Go-http-client/1.1"
::1 - - [20/Sep/2017:17:55:23 -0700] "POST /usbci/checkin/John-SurfacePro/046d/c52b HTTP/1.1" 201 0 "" "Go-http-client/1.1"
::1 - - [20/Sep/2017:17:59:06 -0700] "POST /usbci/audit/John-SurfacePro/0801/0001/24F0014 HTTP/1.1" 201 0 "" "Go-http-client/1.1"
::1 - - [20/Sep/2017:18:01:26 -0700] "GET /usbci/fetch/John-SurfacePro/0801/0001/24F0014 HTTP/1.1" 200 743 "" "Go-http-client/1.1"
::1 - - [20/Sep/2017:18:01:52 -0700] "GET /usbci/fetch/John-SurfacePro/0801/0001/24F0014 HTTP/1.1" 200 743 "" "Go-http-client/1.1"
::1 - - [20/Sep/2017:18:38:54 -0700] "POST /usbci/checkin/John-SurfacePro/0801/0001 HTTP/1.1" 201 0 "" "Go-http-client/1.1"
::1 - - [20/Sep/2017:18:38:54 -0700] "POST /usbci/checkin/John-SurfacePro/0acd/2030 HTTP/1.1" 201 0 "" "Go-http-client/1.1"
::1 - - [20/Sep/2017:18:38:54 -0700] "POST /usbci/checkin/John-SurfacePro/046d/c52b HTTP/1.1" 201 0 "" "Go-http-client/1.1"
::1 - - [20/Sep/2017:18:40:13 -0700] "POST /usbci/checkin/John-SurfacePro/0801/0001 HTTP/1.1" 201 0 "" "Go-http-client/1.1"
::1 - - [20/Sep/2017:18:40:13 -0700] "POST /usbci/checkin/John-SurfacePro/0acd/2030 HTTP/1.1" 201 0 "" "Go-http-client/1.1"
::1 - - [20/Sep/2017:18:40:13 -0700] "POST /usbci/checkin/John-SurfacePro/046d/c52b HTTP/1.1" 201 0 "" "Go-http-client/1.1"
::1 - - [20/Sep/2017:18:40:32 -0700] "POST /usbci/checkin/John-SurfacePro/0801/0001 HTTP/1.1" 201 0 "" "Go-http-client/1.1"
::1 - - [20/Sep/2017:18:40:32 -0700] "POST /usbci/checkin/John-SurfacePro/0acd/2030 HTTP/1.1" 201 0 "" "Go-http-client/1.1"
::1 - - [20/Sep/2017:18:40:32 -0700] "POST /usbci/checkin/John-SurfacePro/046d/c52b HTTP/1.1" 201 0 "" "Go-http-client/1.1"
::1 - - [20/Sep/2017:18:41:37 -0700] "POST /usbci/checkin/John-SurfacePro/0801/0001 HTTP/1.1" 201 0 "" "Go-http-client/1.1"
::1 - - [20/Sep/2017:18:41:37 -0700] "POST /usbci/checkin/John-SurfacePro/0acd/2030 HTTP/1.1" 201 0 "" "Go-http-client/1.1"
::1 - - [20/Sep/2017:18:41:37 -0700] "POST /usbci/checkin/John-SurfacePro/046d/c52b HTTP/1.1" 201 0 "" "Go-http-client/1.1"
::1 - - [20/Sep/2017:18:42:05 -0700] "GET /usbci/fetch/John-SurfacePro/0801/0001/24F0014 HTTP/1.1" 200 743 "" "Go-http-client/1.1"
::1 - - [20/Sep/2017:18:42:05 -0700] "POST /usbci/checkin/John-SurfacePro/0801/0001 HTTP/1.1" 201 0 "" "Go-http-client/1.1"
::1 - - [20/Sep/2017:18:43:50 -0700] "GET /usbci/fetch/John-SurfacePro/0801/0001/24F0014 HTTP/1.1" 200 743 "" "Go-http-client/1.1"
::1 - - [20/Sep/2017:18:43:50 -0700] "POST /usbci/checkin/John-SurfacePro/0801/0001 HTTP/1.1" 201 0 "" "Go-http-client/1.1"
