error 2017/09/19 06:30:48 handlers.go:57: test
error 2017/09/19 06:30:48 recovery.go:83: test

error 2017/09/19 06:33:47 handlers.go:57: test
error 2017/09/19 06:34:34 handlers.go:57: test
error 2017/09/19 06:34:34 recovery.go:83: test

error 2017/09/19 06:34:41 handlers.go:57: test
error 2017/09/19 06:34:41 recovery.go:83: test

error 2017/09/19 06:35:15 handlers.go:57: test
error 2017/09/19 06:35:15 recovery.go:83: test

error 2017/09/19 06:37:56 recovery.go:83: test
error 2017/09/19 08:11:56 handlers.go:57: test
error 2017/09/19 08:14:58 handlers.go:57: test
error 2017/09/19 08:14:58 recovery.go:83: test

error 2017/09/19 08:15:10 handlers.go:57: test
error 2017/09/19 08:15:10 recovery.go:83: test

error 2017/09/19 08:16:38 handlers.go:57: test
error 2017/09/19 08:17:21 handlers.go:57: test
error 2017/09/19 08:21:27 handlers.go:53: test
error 2017/09/19 08:21:27 recovery.go:83: test
error 2017/09/19 08:26:50 handlers.go:65: test
error 2017/09/19 08:26:50 handlers.go:66: test
error 2017/09/19 08:26:50 handlers.go:65: test
error 2017/09/19 08:26:50 handlers.go:66: test
error 2017/09/19 08:41:51 handlers.go:76: serial number already set to "24F000E"
error 2017/09/19 08:42:27 handlers.go:76: serial number already set to "24F000E"
error 2017/09/19 08:43:34 handlers.go:76: serial number already set to "24F000E"
error 2017/09/19 09:05:12 handlers.go:75: serial number already set to "24F0011"
error 2017/09/19 09:18:41 handlers.go:75: serial number already set to "24F0011"
error 2017/09/19 12:02:53 recovery.go:83: runtime error: invalid memory address or nil pointer dereference
error 2017/09/19 12:04:45 recovery.go:83: runtime error: invalid memory address or nil pointer dereference
error 2017/09/19 14:23:31 database.go:175: Error 1054: Unknown column 'vendor_id' in 'where clause'
error 2017/09/19 14:23:31 main.go:48: Error 1054: Unknown column 'vendor_id' in 'where clause'
error 2017/09/19 14:41:38 model.go:84: sql: expected 4 destination arguments in Scan, not 1
error 2017/09/19 14:42:32 model.go:84: sql: expected 4 destination arguments in Scan, not 1
error 2017/09/19 14:43:42 model.go:84: sql: expected 4 destination arguments in Scan, not 1
error 2017/09/19 14:45:02 model.go:84: sql: expected 4 destination arguments in Scan, not 1
error 2017/09/19 21:49:39 database.go:94: sql: statement expects 0 inputs; got 1
error 2017/09/19 21:49:39 main.go:48: sql: statement expects 0 inputs; got 1
error 2017/09/19 21:50:22 database.go:94: sql: statement expects 0 inputs; got 1
error 2017/09/19 21:50:22 main.go:48: sql: statement expects 0 inputs; got 1
error 2017/09/19 21:52:38 database.go:148: Error 1064: You have an error in your SQL syntax; check the manual that corresponds to your MariaDB server version for the right syntax to use near '%!W(string=serial_num = ?)HERE id = ?' at line 1
error 2017/09/19 21:52:38 main.go:48: Error 1064: You have an error in your SQL syntax; check the manual that corresponds to your MariaDB server version for the right syntax to use near '%!W(string=serial_num = ?)HERE id = ?' at line 1
error 2017/09/19 21:54:53 database.go:148: Error 1146: Table 'gocmdb.view_usbci_snrequests' doesn't exist
error 2017/09/19 21:54:53 main.go:48: Error 1146: Table 'gocmdb.view_usbci_snrequests' doesn't exist
error 2017/09/20 13:50:39 model.go:80: Error 1062: Duplicate entry '0801-0001-24F0014' for key 'unique_id'
error 2017/09/20 13:51:00 model.go:80: Error 1062: Duplicate entry '0801-0001-24F0014' for key 'unique_id'
