system 2017/09/24 16:49:27 main.go:62: Database "10.2.8-MariaDB" (gocmdbd@localhost/gocmdb) using "mysql" driver
system 2017/09/24 16:49:27 main.go:63: Server started and listening on ":8080"
system 2017/09/24 16:49:44 handlers.go:110: generated SN "24F002A" for "John-SurfacePro" device VID "0001" PID "0801"
system 2017/09/24 16:49:44 handlers.go:101: serial number already set to "24F0014"
system 2017/09/24 16:49:44 handlers.go:61: saved checkin for "John-SurfacePro" device VID "0001" PID "0801"
system 2017/09/24 16:49:44 handlers.go:155: found SN "24F0014" for "John-SurfacePro" device VID "0801" PID "0001"
system 2017/09/24 16:49:44 handlers.go:61: saved checkin for "John-SurfacePro" device VID "0001" PID "0801"
system 2017/09/24 16:49:44 handlers.go:155: found SN "24F0014" for "John-SurfacePro" device VID "0801" PID "0001"
system 2017/09/24 16:49:44 handlers.go:140: recorded audit for "John-SurfacePro" device VID "0801" PID "0001" SN "24F0014"
system 2017/09/24 16:49:44 handlers.go:61: saved checkin for "John-SurfacePro" device VID "0001" PID "0801"
system 2017/09/24 16:49:44 handlers.go:155: found SN "24F0014" for "John-SurfacePro" device VID "0801" PID "0001"
system 2017/09/24 16:49:44 handlers.go:61: saved checkin for "John-SurfacePro" device VID "0001" PID "0801"
system 2017/09/24 16:49:44 handlers.go:155: found SN "24F0014" for "John-SurfacePro" device VID "0801" PID "0001"
system 2017/09/24 16:49:44 handlers.go:61: saved checkin for "John-SurfacePro" device VID "0001" PID "0801"
system 2017/09/24 16:49:44 handlers.go:140: recorded audit for "John-SurfacePro" device VID "0801" PID "0001" SN "24F0014"
system 2017/09/24 17:00:18 main.go:62: Database "10.2.8-MariaDB" (gocmdbd@localhost/gocmdb) using "mysql" driver
system 2017/09/24 17:00:18 main.go:63: Server started and listening on ":8080"
system 2017/09/24 17:03:23 handlers.go:110: generated SN "24F002B" for "John-SurfacePro" device VID "0001" PID "0801"
system 2017/09/24 17:03:23 handlers.go:101: serial number already set to "24F0014"
system 2017/09/24 17:03:23 handlers.go:61: saved checkin for "John-SurfacePro" device VID "0001" PID "0801"
system 2017/09/24 17:03:23 handlers.go:155: found SN "24F0014" for "John-SurfacePro" device VID "0801" PID "0001"
system 2017/09/24 17:03:23 handlers.go:61: saved checkin for "John-SurfacePro" device VID "0001" PID "0801"
system 2017/09/24 17:03:23 handlers.go:155: found SN "24F0014" for "John-SurfacePro" device VID "0801" PID "0001"
system 2017/09/24 17:03:23 handlers.go:140: recorded audit for "John-SurfacePro" device VID "0801" PID "0001" SN "24F0014"
system 2017/09/24 17:03:23 handlers.go:61: saved checkin for "John-SurfacePro" device VID "0001" PID "0801"
system 2017/09/24 17:03:23 handlers.go:155: found SN "24F0014" for "John-SurfacePro" device VID "0801" PID "0001"
system 2017/09/24 17:03:23 handlers.go:61: saved checkin for "John-SurfacePro" device VID "0001" PID "0801"
system 2017/09/24 17:03:23 handlers.go:155: found SN "24F0014" for "John-SurfacePro" device VID "0801" PID "0001"
system 2017/09/24 17:03:23 handlers.go:61: saved checkin for "John-SurfacePro" device VID "0001" PID "0801"
system 2017/09/24 17:03:23 handlers.go:140: recorded audit for "John-SurfacePro" device VID "0801" PID "0001" SN "24F0014"
system 2017/09/24 17:08:18 handlers.go:110: generated SN "24F002C" for "John-SurfacePro" device VID "0001" PID "0801"
system 2017/09/24 17:08:18 handlers.go:101: serial number already set to "24F0014"
system 2017/09/24 17:08:18 handlers.go:61: saved checkin for "John-SurfacePro" device VID "0001" PID "0801"
system 2017/09/24 17:08:18 handlers.go:155: found SN "24F0014" for "John-SurfacePro" device VID "0801" PID "0001"
system 2017/09/24 17:08:18 handlers.go:61: saved checkin for "John-SurfacePro" device VID "0001" PID "0801"
system 2017/09/24 17:08:18 handlers.go:155: found SN "24F0014" for "John-SurfacePro" device VID "0801" PID "0001"
system 2017/09/24 17:08:18 handlers.go:140: recorded audit for "John-SurfacePro" device VID "0801" PID "0001" SN "24F0014"
system 2017/09/24 17:08:18 handlers.go:61: saved checkin for "John-SurfacePro" device VID "0001" PID "0801"
system 2017/09/24 17:08:18 handlers.go:155: found SN "24F0014" for "John-SurfacePro" device VID "0801" PID "0001"
system 2017/09/24 17:08:18 handlers.go:61: saved checkin for "John-SurfacePro" device VID "0001" PID "0801"
system 2017/09/24 17:08:18 handlers.go:155: found SN "24F0014" for "John-SurfacePro" device VID "0801" PID "0001"
system 2017/09/24 17:08:18 handlers.go:61: saved checkin for "John-SurfacePro" device VID "0001" PID "0801"
system 2017/09/24 17:08:18 handlers.go:140: recorded audit for "John-SurfacePro" device VID "0801" PID "0001" SN "24F0014"
system 2017/09/24 17:11:25 handlers.go:110: generated SN "24F002D" for "John-SurfacePro" device VID "0001" PID "0801"
system 2017/09/24 17:11:25 handlers.go:101: serial number already set to "24F0014"
system 2017/09/24 17:11:25 handlers.go:61: saved checkin for "John-SurfacePro" device VID "0001" PID "0801"
system 2017/09/24 17:11:25 handlers.go:155: found SN "24F0014" for "John-SurfacePro" device VID "0801" PID "0001"
system 2017/09/24 17:11:25 handlers.go:61: saved checkin for "John-SurfacePro" device VID "0001" PID "0801"
system 2017/09/24 17:11:25 handlers.go:155: found SN "24F0014" for "John-SurfacePro" device VID "0801" PID "0001"
system 2017/09/24 17:11:25 handlers.go:140: recorded audit for "John-SurfacePro" device VID "0801" PID "0001" SN "24F0014"
system 2017/09/24 17:11:25 handlers.go:61: saved checkin for "John-SurfacePro" device VID "0001" PID "0801"
system 2017/09/24 17:11:25 handlers.go:155: found SN "24F0014" for "John-SurfacePro" device VID "0801" PID "0001"
system 2017/09/24 17:11:25 handlers.go:61: saved checkin for "John-SurfacePro" device VID "0001" PID "0801"
system 2017/09/24 17:11:25 handlers.go:155: found SN "24F0014" for "John-SurfacePro" device VID "0801" PID "0001"
system 2017/09/24 17:11:25 handlers.go:61: saved checkin for "John-SurfacePro" device VID "0001" PID "0801"
system 2017/09/24 17:11:25 handlers.go:140: recorded audit for "John-SurfacePro" device VID "0801" PID "0001" SN "24F0014"
system 2017/09/24 17:14:51 handlers.go:110: generated SN "24F002E" for "John-SurfacePro" device VID "0001" PID "0801"
system 2017/09/24 17:14:51 handlers.go:101: serial number already set to "24F0014"
system 2017/09/24 17:14:51 handlers.go:61: saved checkin for "John-SurfacePro" device VID "0001" PID "0801"
system 2017/09/24 17:14:51 handlers.go:155: found SN "24F0014" for "John-SurfacePro" device VID "0801" PID "0001"
system 2017/09/24 17:14:51 handlers.go:61: saved checkin for "John-SurfacePro" device VID "0001" PID "0801"
system 2017/09/24 17:14:51 handlers.go:155: found SN "24F0014" for "John-SurfacePro" device VID "0801" PID "0001"
system 2017/09/24 17:14:51 handlers.go:140: recorded audit for "John-SurfacePro" device VID "0801" PID "0001" SN "24F0014"
system 2017/09/24 17:14:51 handlers.go:61: saved checkin for "John-SurfacePro" device VID "0001" PID "0801"
system 2017/09/24 17:14:51 handlers.go:155: found SN "24F0014" for "John-SurfacePro" device VID "0801" PID "0001"
system 2017/09/24 17:14:51 handlers.go:61: saved checkin for "John-SurfacePro" device VID "0001" PID "0801"
system 2017/09/24 17:14:51 handlers.go:155: found SN "24F0014" for "John-SurfacePro" device VID "0801" PID "0001"
system 2017/09/24 17:14:51 handlers.go:61: saved checkin for "John-SurfacePro" device VID "0001" PID "0801"
system 2017/09/24 17:14:51 handlers.go:140: recorded audit for "John-SurfacePro" device VID "0801" PID "0001" SN "24F0014"
system 2017/09/24 17:25:46 handlers.go:110: generated SN "24F002F" for "John-SurfacePro" device VID "0001" PID "0801"
system 2017/09/24 17:25:46 handlers.go:101: serial number already set to "24F0014"
system 2017/09/24 17:25:46 handlers.go:61: saved checkin for "John-SurfacePro" device VID "0001" PID "0801"
system 2017/09/24 17:25:46 handlers.go:155: found SN "24F0014" for "John-SurfacePro" device VID "0801" PID "0001"
system 2017/09/24 17:25:46 handlers.go:61: saved checkin for "John-SurfacePro" device VID "0001" PID "0801"
system 2017/09/24 17:25:46 handlers.go:155: found SN "24F0014" for "John-SurfacePro" device VID "0801" PID "0001"
system 2017/09/24 17:25:46 handlers.go:140: recorded audit for "John-SurfacePro" device VID "0801" PID "0001" SN "24F0014"
system 2017/09/24 17:25:46 handlers.go:61: saved checkin for "John-SurfacePro" device VID "0001" PID "0801"
system 2017/09/24 17:25:46 handlers.go:155: found SN "24F0014" for "John-SurfacePro" device VID "0801" PID "0001"
system 2017/09/24 17:25:46 handlers.go:61: saved checkin for "John-SurfacePro" device VID "0001" PID "0801"
system 2017/09/24 17:25:46 handlers.go:155: found SN "24F0014" for "John-SurfacePro" device VID "0801" PID "0001"
system 2017/09/24 17:25:46 handlers.go:61: saved checkin for "John-SurfacePro" device VID "0001" PID "0801"
system 2017/09/24 17:25:46 handlers.go:140: recorded audit for "John-SurfacePro" device VID "0801" PID "0001" SN "24F0014"
system 2017/09/24 17:30:50 handlers.go:110: generated SN "24F0030" for "John-SurfacePro" device VID "0001" PID "0801"
system 2017/09/24 17:30:50 handlers.go:101: serial number already set to "24F0014"
system 2017/09/24 17:30:50 handlers.go:61: saved checkin for "John-SurfacePro" device VID "0001" PID "0801"
system 2017/09/24 17:30:50 handlers.go:155: found SN "24F0014" for "John-SurfacePro" device VID "0801" PID "0001"
system 2017/09/24 17:30:50 handlers.go:61: saved checkin for "John-SurfacePro" device VID "0001" PID "0801"
system 2017/09/24 17:30:50 handlers.go:155: found SN "24F0014" for "John-SurfacePro" device VID "0801" PID "0001"
system 2017/09/24 17:30:50 handlers.go:140: recorded audit for "John-SurfacePro" device VID "0801" PID "0001" SN "24F0014"
system 2017/09/24 17:30:50 handlers.go:61: saved checkin for "John-SurfacePro" device VID "0001" PID "0801"
system 2017/09/24 17:30:50 handlers.go:155: found SN "24F0014" for "John-SurfacePro" device VID "0801" PID "0001"
system 2017/09/24 17:30:50 handlers.go:61: saved checkin for "John-SurfacePro" device VID "0001" PID "0801"
system 2017/09/24 17:30:50 handlers.go:155: found SN "24F0014" for "John-SurfacePro" device VID "0801" PID "0001"
system 2017/09/24 17:30:50 handlers.go:61: saved checkin for "John-SurfacePro" device VID "0001" PID "0801"
system 2017/09/24 17:30:50 handlers.go:140: recorded audit for "John-SurfacePro" device VID "0801" PID "0001" SN "24F0014"
system 2017/09/24 17:36:48 handlers.go:110: generated SN "24F0031" for "John-SurfacePro" device VID "0001" PID "0801"
system 2017/09/24 17:36:48 handlers.go:101: serial number already set to "24F0014"
system 2017/09/24 17:36:48 handlers.go:61: saved checkin for "John-SurfacePro" device VID "0001" PID "0801"
system 2017/09/24 17:36:48 handlers.go:155: found SN "24F0014" for "John-SurfacePro" device VID "0801" PID "0001"
system 2017/09/24 17:36:48 handlers.go:61: saved checkin for "John-SurfacePro" device VID "0001" PID "0801"
system 2017/09/24 17:36:48 handlers.go:155: found SN "24F0014" for "John-SurfacePro" device VID "0801" PID "0001"
system 2017/09/24 17:36:48 handlers.go:140: recorded audit for "John-SurfacePro" device VID "0801" PID "0001" SN "24F0014"
system 2017/09/24 17:36:48 handlers.go:61: saved checkin for "John-SurfacePro" device VID "0001" PID "0801"
system 2017/09/24 17:36:48 handlers.go:155: found SN "24F0014" for "John-SurfacePro" device VID "0801" PID "0001"
system 2017/09/24 17:36:48 handlers.go:61: saved checkin for "John-SurfacePro" device VID "0001" PID "0801"
system 2017/09/24 17:36:48 handlers.go:155: found SN "24F0014" for "John-SurfacePro" device VID "0801" PID "0001"
system 2017/09/24 17:36:48 handlers.go:61: saved checkin for "John-SurfacePro" device VID "0001" PID "0801"
system 2017/09/24 17:36:48 handlers.go:140: recorded audit for "John-SurfacePro" device VID "0801" PID "0001" SN "24F0014"
system 2017/09/24 17:37:31 handlers.go:110: generated SN "24F0032" for "John-SurfacePro" device VID "0001" PID "0801"
system 2017/09/24 17:37:31 handlers.go:101: serial number already set to "24F0014"
system 2017/09/24 17:37:32 handlers.go:61: saved checkin for "John-SurfacePro" device VID "0001" PID "0801"
system 2017/09/24 17:37:32 handlers.go:155: found SN "24F0014" for "John-SurfacePro" device VID "0801" PID "0001"
system 2017/09/24 17:37:32 handlers.go:61: saved checkin for "John-SurfacePro" device VID "0001" PID "0801"
system 2017/09/24 17:37:32 handlers.go:155: found SN "24F0014" for "John-SurfacePro" device VID "0801" PID "0001"
system 2017/09/24 17:37:32 handlers.go:140: recorded audit for "John-SurfacePro" device VID "0801" PID "0001" SN "24F0014"
system 2017/09/24 17:37:32 handlers.go:61: saved checkin for "John-SurfacePro" device VID "0001" PID "0801"
system 2017/09/24 17:37:32 handlers.go:155: found SN "24F0014" for "John-SurfacePro" device VID "0801" PID "0001"
system 2017/09/24 17:37:32 handlers.go:61: saved checkin for "John-SurfacePro" device VID "0001" PID "0801"
system 2017/09/24 17:37:32 handlers.go:155: found SN "24F0014" for "John-SurfacePro" device VID "0801" PID "0001"
system 2017/09/24 17:37:32 handlers.go:61: saved checkin for "John-SurfacePro" device VID "0001" PID "0801"
system 2017/09/24 17:37:32 handlers.go:140: recorded audit for "John-SurfacePro" device VID "0801" PID "0001" SN "24F0014"
system 2017/09/24 17:43:20 handlers.go:110: generated SN "24F0033" for "John-SurfacePro" device VID "0001" PID "0801"
system 2017/09/24 17:43:20 handlers.go:101: serial number already set to "24F0014"
system 2017/09/24 17:43:20 handlers.go:61: saved checkin for "John-SurfacePro" device VID "0001" PID "0801"
system 2017/09/24 17:43:20 handlers.go:155: found SN "24F0014" for "John-SurfacePro" device VID "0801" PID "0001"
system 2017/09/24 17:43:20 handlers.go:61: saved checkin for "John-SurfacePro" device VID "0001" PID "0801"
system 2017/09/24 17:43:20 handlers.go:155: found SN "24F0014" for "John-SurfacePro" device VID "0801" PID "0001"
system 2017/09/24 17:43:20 handlers.go:140: recorded audit for "John-SurfacePro" device VID "0801" PID "0001" SN "24F0014"
system 2017/09/24 17:43:20 handlers.go:61: saved checkin for "John-SurfacePro" device VID "0001" PID "0801"
system 2017/09/24 17:43:20 handlers.go:155: found SN "24F0014" for "John-SurfacePro" device VID "0801" PID "0001"
system 2017/09/24 17:43:20 handlers.go:61: saved checkin for "John-SurfacePro" device VID "0001" PID "0801"
system 2017/09/24 17:43:20 handlers.go:155: found SN "24F0014" for "John-SurfacePro" device VID "0801" PID "0001"
system 2017/09/24 17:43:20 handlers.go:61: saved checkin for "John-SurfacePro" device VID "0001" PID "0801"
system 2017/09/24 17:43:20 handlers.go:140: recorded audit for "John-SurfacePro" device VID "0801" PID "0001" SN "24F0014"
system 2017/09/24 17:45:27 handlers.go:110: generated SN "24F0034" for "John-SurfacePro" device VID "0001" PID "0801"
system 2017/09/24 17:45:27 handlers.go:101: serial number already set to "24F0014"
system 2017/09/24 17:45:27 handlers.go:61: saved checkin for "John-SurfacePro" device VID "0001" PID "0801"
system 2017/09/24 17:45:27 handlers.go:155: found SN "24F0014" for "John-SurfacePro" device VID "0801" PID "0001"
system 2017/09/24 17:45:27 handlers.go:61: saved checkin for "John-SurfacePro" device VID "0001" PID "0801"
system 2017/09/24 17:45:27 handlers.go:155: found SN "24F0014" for "John-SurfacePro" device VID "0801" PID "0001"
system 2017/09/24 17:45:27 handlers.go:140: recorded audit for "John-SurfacePro" device VID "0801" PID "0001" SN "24F0014"
system 2017/09/24 17:45:27 handlers.go:61: saved checkin for "John-SurfacePro" device VID "0001" PID "0801"
system 2017/09/24 17:45:27 handlers.go:155: found SN "24F0014" for "John-SurfacePro" device VID "0801" PID "0001"
system 2017/09/24 17:45:27 handlers.go:61: saved checkin for "John-SurfacePro" device VID "0001" PID "0801"
system 2017/09/24 17:45:27 handlers.go:155: found SN "24F0014" for "John-SurfacePro" device VID "0801" PID "0001"
system 2017/09/24 17:45:27 handlers.go:61: saved checkin for "John-SurfacePro" device VID "0001" PID "0801"
system 2017/09/24 17:45:27 handlers.go:140: recorded audit for "John-SurfacePro" device VID "0801" PID "0001" SN "24F0014"
system 2017/09/24 17:48:30 handlers.go:110: generated SN "24F0035" for "John-SurfacePro" device VID "0001" PID "0801"
system 2017/09/24 17:48:30 handlers.go:101: serial number already set to "24F0014"
system 2017/09/24 17:48:30 handlers.go:61: saved checkin for "John-SurfacePro" device VID "0001" PID "0801"
system 2017/09/24 17:48:30 handlers.go:155: found SN "24F0014" for "John-SurfacePro" device VID "0801" PID "0001"
system 2017/09/24 17:48:30 handlers.go:61: saved checkin for "John-SurfacePro" device VID "0001" PID "0801"
system 2017/09/24 17:48:30 handlers.go:155: found SN "24F0014" for "John-SurfacePro" device VID "0801" PID "0001"
system 2017/09/24 17:48:30 handlers.go:140: recorded audit for "John-SurfacePro" device VID "0801" PID "0001" SN "24F0014"
system 2017/09/24 17:48:30 handlers.go:61: saved checkin for "John-SurfacePro" device VID "0001" PID "0801"
system 2017/09/24 17:48:30 handlers.go:155: found SN "24F0014" for "John-SurfacePro" device VID "0801" PID "0001"
system 2017/09/24 17:48:30 handlers.go:61: saved checkin for "John-SurfacePro" device VID "0001" PID "0801"
system 2017/09/24 17:48:30 handlers.go:155: found SN "24F0014" for "John-SurfacePro" device VID "0801" PID "0001"
system 2017/09/24 17:48:30 handlers.go:61: saved checkin for "John-SurfacePro" device VID "0001" PID "0801"
system 2017/09/24 17:48:30 handlers.go:140: recorded audit for "John-SurfacePro" device VID "0801" PID "0001" SN "24F0014"
system 2017/09/24 17:50:48 handlers.go:110: generated SN "24F0036" for "John-SurfacePro" device VID "0001" PID "0801"
system 2017/09/24 17:50:48 handlers.go:101: serial number already set to "24F0014"
system 2017/09/24 17:50:48 handlers.go:61: saved checkin for "John-SurfacePro" device VID "0001" PID "0801"
system 2017/09/24 17:50:48 handlers.go:155: found SN "24F0014" for "John-SurfacePro" device VID "0801" PID "0001"
system 2017/09/24 17:50:48 handlers.go:61: saved checkin for "John-SurfacePro" device VID "0001" PID "0801"
system 2017/09/24 17:50:48 handlers.go:155: found SN "24F0014" for "John-SurfacePro" device VID "0801" PID "0001"
system 2017/09/24 17:50:48 handlers.go:140: recorded audit for "John-SurfacePro" device VID "0801" PID "0001" SN "24F0014"
system 2017/09/24 17:50:48 handlers.go:61: saved checkin for "John-SurfacePro" device VID "0001" PID "0801"
system 2017/09/24 17:50:48 handlers.go:155: found SN "24F0014" for "John-SurfacePro" device VID "0801" PID "0001"
system 2017/09/24 17:50:48 handlers.go:61: saved checkin for "John-SurfacePro" device VID "0001" PID "0801"
system 2017/09/24 17:50:48 handlers.go:155: found SN "24F0014" for "John-SurfacePro" device VID "0801" PID "0001"
system 2017/09/24 17:50:48 handlers.go:61: saved checkin for "John-SurfacePro" device VID "0001" PID "0801"
system 2017/09/24 17:50:48 handlers.go:140: recorded audit for "John-SurfacePro" device VID "0801" PID "0001" SN "24F0014"
system 2017/09/24 17:54:55 handlers.go:110: generated SN "24F0037" for "John-SurfacePro" device VID "0001" PID "0801"
system 2017/09/24 17:54:55 handlers.go:101: serial number already set to "24F0014"
system 2017/09/24 17:54:55 handlers.go:61: saved checkin for "John-SurfacePro" device VID "0001" PID "0801"
system 2017/09/24 17:54:55 handlers.go:155: found SN "24F0014" for "John-SurfacePro" device VID "0801" PID "0001"
system 2017/09/24 17:54:55 handlers.go:61: saved checkin for "John-SurfacePro" device VID "0001" PID "0801"
system 2017/09/24 17:54:55 handlers.go:155: found SN "24F0014" for "John-SurfacePro" device VID "0801" PID "0001"
system 2017/09/24 17:54:55 handlers.go:140: recorded audit for "John-SurfacePro" device VID "0801" PID "0001" SN "24F0014"
system 2017/09/24 17:54:55 handlers.go:61: saved checkin for "John-SurfacePro" device VID "0001" PID "0801"
system 2017/09/24 17:54:55 handlers.go:155: found SN "24F0014" for "John-SurfacePro" device VID "0801" PID "0001"
system 2017/09/24 17:54:55 handlers.go:61: saved checkin for "John-SurfacePro" device VID "0001" PID "0801"
system 2017/09/24 17:54:55 handlers.go:155: found SN "24F0014" for "John-SurfacePro" device VID "0801" PID "0001"
system 2017/09/24 17:54:55 handlers.go:61: saved checkin for "John-SurfacePro" device VID "0001" PID "0801"
system 2017/09/24 17:54:55 handlers.go:140: recorded audit for "John-SurfacePro" device VID "0801" PID "0001" SN "24F0014"
system 2017/09/24 18:05:15 handlers.go:110: generated SN "24F0038" for "John-SurfacePro" device VID "0001" PID "0801"
system 2017/09/24 18:05:15 handlers.go:101: serial number already set to "24F0014"
system 2017/09/24 18:05:15 handlers.go:61: saved checkin for "John-SurfacePro" device VID "0001" PID "0801"
system 2017/09/24 18:05:15 handlers.go:155: found SN "24F0014" for "John-SurfacePro" device VID "0801" PID "0001"
system 2017/09/24 18:05:15 handlers.go:61: saved checkin for "John-SurfacePro" device VID "0001" PID "0801"
system 2017/09/24 18:05:15 handlers.go:155: found SN "24F0014" for "John-SurfacePro" device VID "0801" PID "0001"
system 2017/09/24 18:05:15 handlers.go:140: recorded audit for "John-SurfacePro" device VID "0801" PID "0001" SN "24F0014"
system 2017/09/24 18:05:15 handlers.go:61: saved checkin for "John-SurfacePro" device VID "0001" PID "0801"
system 2017/09/24 18:05:15 handlers.go:155: found SN "24F0014" for "John-SurfacePro" device VID "0801" PID "0001"
system 2017/09/24 18:05:15 handlers.go:61: saved checkin for "John-SurfacePro" device VID "0001" PID "0801"
system 2017/09/24 18:05:15 handlers.go:155: found SN "24F0014" for "John-SurfacePro" device VID "0801" PID "0001"
system 2017/09/24 18:05:15 handlers.go:61: saved checkin for "John-SurfacePro" device VID "0001" PID "0801"
system 2017/09/24 18:05:15 handlers.go:140: recorded audit for "John-SurfacePro" device VID "0801" PID "0001" SN "24F0014"
system 2017/09/24 18:15:00 handlers.go:110: generated SN "24F0039" for "John-SurfacePro" device VID "0001" PID "0801"
system 2017/09/24 18:15:00 handlers.go:101: serial number already set to "24F0014"
system 2017/09/24 18:15:00 handlers.go:61: saved checkin for "John-SurfacePro" device VID "0001" PID "0801"
system 2017/09/24 18:15:00 handlers.go:155: found SN "24F0014" for "John-SurfacePro" device VID "0801" PID "0001"
system 2017/09/24 18:15:00 handlers.go:61: saved checkin for "John-SurfacePro" device VID "0001" PID "0801"
system 2017/09/24 18:15:00 handlers.go:155: found SN "24F0014" for "John-SurfacePro" device VID "0801" PID "0001"
system 2017/09/24 18:15:00 handlers.go:140: recorded audit for "John-SurfacePro" device VID "0801" PID "0001" SN "24F0014"
system 2017/09/24 18:15:00 handlers.go:61: saved checkin for "John-SurfacePro" device VID "0001" PID "0801"
system 2017/09/24 18:15:00 handlers.go:155: found SN "24F0014" for "John-SurfacePro" device VID "0801" PID "0001"
system 2017/09/24 18:15:00 handlers.go:61: saved checkin for "John-SurfacePro" device VID "0001" PID "0801"
system 2017/09/24 18:15:00 handlers.go:155: found SN "24F0014" for "John-SurfacePro" device VID "0801" PID "0001"
system 2017/09/24 18:15:00 handlers.go:61: saved checkin for "John-SurfacePro" device VID "0001" PID "0801"
system 2017/09/24 18:15:00 handlers.go:140: recorded audit for "John-SurfacePro" device VID "0801" PID "0001" SN "24F0014"
system 2017/09/24 18:17:42 handlers.go:110: generated SN "24F003A" for "John-SurfacePro" device VID "0001" PID "0801"
system 2017/09/24 18:17:42 handlers.go:101: serial number already set to "24F0014"
system 2017/09/24 18:17:42 handlers.go:61: saved checkin for "John-SurfacePro" device VID "0001" PID "0801"
system 2017/09/24 18:17:42 handlers.go:155: found SN "24F0014" for "John-SurfacePro" device VID "0801" PID "0001"
system 2017/09/24 18:17:42 handlers.go:61: saved checkin for "John-SurfacePro" device VID "0001" PID "0801"
system 2017/09/24 18:17:42 handlers.go:155: found SN "24F0014" for "John-SurfacePro" device VID "0801" PID "0001"
system 2017/09/24 18:17:42 handlers.go:140: recorded audit for "John-SurfacePro" device VID "0801" PID "0001" SN "24F0014"
system 2017/09/24 18:17:42 handlers.go:61: saved checkin for "John-SurfacePro" device VID "0001" PID "0801"
system 2017/09/24 18:17:42 handlers.go:155: found SN "24F0014" for "John-SurfacePro" device VID "0801" PID "0001"
system 2017/09/24 18:17:42 handlers.go:61: saved checkin for "John-SurfacePro" device VID "0001" PID "0801"
system 2017/09/24 18:17:42 handlers.go:155: found SN "24F0014" for "John-SurfacePro" device VID "0801" PID "0001"
system 2017/09/24 18:17:42 handlers.go:61: saved checkin for "John-SurfacePro" device VID "0001" PID "0801"
system 2017/09/24 18:17:42 handlers.go:140: recorded audit for "John-SurfacePro" device VID "0801" PID "0001" SN "24F0014"
system 2017/09/24 18:18:40 handlers.go:110: generated SN "24F003B" for "John-SurfacePro" device VID "0001" PID "0801"
system 2017/09/24 18:18:40 handlers.go:101: serial number already set to "24F0014"
system 2017/09/24 18:18:40 handlers.go:61: saved checkin for "John-SurfacePro" device VID "0001" PID "0801"
system 2017/09/24 18:18:40 handlers.go:155: found SN "24F0014" for "John-SurfacePro" device VID "0801" PID "0001"
system 2017/09/24 18:18:40 handlers.go:61: saved checkin for "John-SurfacePro" device VID "0001" PID "0801"
system 2017/09/24 18:18:40 handlers.go:155: found SN "24F0014" for "John-SurfacePro" device VID "0801" PID "0001"
system 2017/09/24 18:18:40 handlers.go:140: recorded audit for "John-SurfacePro" device VID "0801" PID "0001" SN "24F0014"
system 2017/09/24 18:18:40 handlers.go:61: saved checkin for "John-SurfacePro" device VID "0001" PID "0801"
system 2017/09/24 18:18:40 handlers.go:155: found SN "24F0014" for "John-SurfacePro" device VID "0801" PID "0001"
system 2017/09/24 18:18:40 handlers.go:61: saved checkin for "John-SurfacePro" device VID "0001" PID "0801"
system 2017/09/24 18:18:40 handlers.go:155: found SN "24F0014" for "John-SurfacePro" device VID "0801" PID "0001"
system 2017/09/24 18:18:40 handlers.go:61: saved checkin for "John-SurfacePro" device VID "0001" PID "0801"
system 2017/09/24 18:18:40 handlers.go:140: recorded audit for "John-SurfacePro" device VID "0801" PID "0001" SN "24F0014"
system 2017/09/24 18:20:27 handlers.go:110: generated SN "24F003C" for "John-SurfacePro" device VID "0001" PID "0801"
system 2017/09/24 18:20:27 handlers.go:101: serial number already set to "24F0014"
system 2017/09/24 18:20:27 handlers.go:61: saved checkin for "John-SurfacePro" device VID "0001" PID "0801"
system 2017/09/24 18:20:27 handlers.go:155: found SN "24F0014" for "John-SurfacePro" device VID "0801" PID "0001"
system 2017/09/24 18:20:27 handlers.go:61: saved checkin for "John-SurfacePro" device VID "0001" PID "0801"
system 2017/09/24 18:20:27 handlers.go:155: found SN "24F0014" for "John-SurfacePro" device VID "0801" PID "0001"
system 2017/09/24 18:20:27 handlers.go:140: recorded audit for "John-SurfacePro" device VID "0801" PID "0001" SN "24F0014"
system 2017/09/24 18:20:27 handlers.go:61: saved checkin for "John-SurfacePro" device VID "0001" PID "0801"
system 2017/09/24 18:20:27 handlers.go:155: found SN "24F0014" for "John-SurfacePro" device VID "0801" PID "0001"
system 2017/09/24 18:20:27 handlers.go:61: saved checkin for "John-SurfacePro" device VID "0001" PID "0801"
system 2017/09/24 18:20:27 handlers.go:155: found SN "24F0014" for "John-SurfacePro" device VID "0801" PID "0001"
system 2017/09/24 18:20:27 handlers.go:61: saved checkin for "John-SurfacePro" device VID "0001" PID "0801"
system 2017/09/24 18:20:27 handlers.go:140: recorded audit for "John-SurfacePro" device VID "0801" PID "0001" SN "24F0014"
system 2017/09/24 18:24:51 handlers.go:110: generated SN "24F003D" for "John-SurfacePro" device VID "0001" PID "0801"
system 2017/09/24 18:24:51 handlers.go:101: serial number already set to "24F0014"
system 2017/09/24 18:24:51 handlers.go:61: saved checkin for "John-SurfacePro" device VID "0001" PID "0801"
system 2017/09/24 18:24:51 handlers.go:155: found SN "24F0014" for "John-SurfacePro" device VID "0801" PID "0001"
system 2017/09/24 18:24:51 handlers.go:61: saved checkin for "John-SurfacePro" device VID "0001" PID "0801"
system 2017/09/24 18:24:51 handlers.go:155: found SN "24F0014" for "John-SurfacePro" device VID "0801" PID "0001"
system 2017/09/24 18:24:51 handlers.go:140: recorded audit for "John-SurfacePro" device VID "0801" PID "0001" SN "24F0014"
system 2017/09/24 18:24:51 handlers.go:61: saved checkin for "John-SurfacePro" device VID "0001" PID "0801"
system 2017/09/24 18:24:51 handlers.go:155: found SN "24F0014" for "John-SurfacePro" device VID "0801" PID "0001"
system 2017/09/24 18:24:51 handlers.go:61: saved checkin for "John-SurfacePro" device VID "0001" PID "0801"
system 2017/09/24 18:24:51 handlers.go:155: found SN "24F0014" for "John-SurfacePro" device VID "0801" PID "0001"
system 2017/09/24 18:24:51 handlers.go:61: saved checkin for "John-SurfacePro" device VID "0001" PID "0801"
system 2017/09/24 18:24:51 handlers.go:140: recorded audit for "John-SurfacePro" device VID "0801" PID "0001" SN "24F0014"
system 2017/09/24 18:25:36 handlers.go:110: generated SN "24F003E" for "John-SurfacePro" device VID "0001" PID "0801"
system 2017/09/24 18:25:36 handlers.go:101: serial number already set to "24F0014"
system 2017/09/24 18:25:36 handlers.go:61: saved checkin for "John-SurfacePro" device VID "0001" PID "0801"
system 2017/09/24 18:25:36 handlers.go:155: found SN "24F0014" for "John-SurfacePro" device VID "0801" PID "0001"
system 2017/09/24 18:25:36 handlers.go:61: saved checkin for "John-SurfacePro" device VID "0001" PID "0801"
system 2017/09/24 18:25:36 handlers.go:155: found SN "24F0014" for "John-SurfacePro" device VID "0801" PID "0001"
system 2017/09/24 18:25:36 handlers.go:140: recorded audit for "John-SurfacePro" device VID "0801" PID "0001" SN "24F0014"
system 2017/09/24 18:25:36 handlers.go:61: saved checkin for "John-SurfacePro" device VID "0001" PID "0801"
system 2017/09/24 18:25:36 handlers.go:155: found SN "24F0014" for "John-SurfacePro" device VID "0801" PID "0001"
system 2017/09/24 18:25:36 handlers.go:61: saved checkin for "John-SurfacePro" device VID "0001" PID "0801"
system 2017/09/24 18:25:36 handlers.go:155: found SN "24F0014" for "John-SurfacePro" device VID "0801" PID "0001"
system 2017/09/24 18:25:36 handlers.go:61: saved checkin for "John-SurfacePro" device VID "0001" PID "0801"
system 2017/09/24 18:25:36 handlers.go:140: recorded audit for "John-SurfacePro" device VID "0801" PID "0001" SN "24F0014"
system 2017/09/24 18:30:57 handlers.go:110: generated SN "24F003F" for "John-SurfacePro" device VID "0001" PID "0801"
system 2017/09/24 18:30:57 handlers.go:101: serial number already set to "24F0014"
system 2017/09/24 18:30:57 handlers.go:61: saved checkin for "John-SurfacePro" device VID "0001" PID "0801"
system 2017/09/24 18:30:57 handlers.go:155: found SN "24F0014" for "John-SurfacePro" device VID "0801" PID "0001"
system 2017/09/24 18:30:57 handlers.go:61: saved checkin for "John-SurfacePro" device VID "0001" PID "0801"
system 2017/09/24 18:30:57 handlers.go:155: found SN "24F0014" for "John-SurfacePro" device VID "0801" PID "0001"
system 2017/09/24 18:30:57 handlers.go:140: recorded audit for "John-SurfacePro" device VID "0801" PID "0001" SN "24F0014"
system 2017/09/24 18:30:57 handlers.go:61: saved checkin for "John-SurfacePro" device VID "0001" PID "0801"
system 2017/09/24 18:30:57 handlers.go:155: found SN "24F0014" for "John-SurfacePro" device VID "0801" PID "0001"
system 2017/09/24 18:30:57 handlers.go:61: saved checkin for "John-SurfacePro" device VID "0001" PID "0801"
system 2017/09/24 18:30:57 handlers.go:155: found SN "24F0014" for "John-SurfacePro" device VID "0801" PID "0001"
system 2017/09/24 18:30:57 handlers.go:61: saved checkin for "John-SurfacePro" device VID "0001" PID "0801"
system 2017/09/24 18:30:57 handlers.go:140: recorded audit for "John-SurfacePro" device VID "0801" PID "0001" SN "24F0014"
system 2017/09/24 18:32:57 handlers.go:110: generated SN "24F0040" for "John-SurfacePro" device VID "0001" PID "0801"
system 2017/09/24 18:32:57 handlers.go:101: serial number already set to "24F0014"
system 2017/09/24 18:32:57 handlers.go:61: saved checkin for "John-SurfacePro" device VID "0001" PID "0801"
system 2017/09/24 18:32:57 handlers.go:155: found SN "24F0014" for "John-SurfacePro" device VID "0801" PID "0001"
system 2017/09/24 18:32:57 handlers.go:61: saved checkin for "John-SurfacePro" device VID "0001" PID "0801"
system 2017/09/24 18:32:57 handlers.go:155: found SN "24F0014" for "John-SurfacePro" device VID "0801" PID "0001"
system 2017/09/24 18:32:57 handlers.go:140: recorded audit for "John-SurfacePro" device VID "0801" PID "0001" SN "24F0014"
system 2017/09/24 18:32:57 handlers.go:61: saved checkin for "John-SurfacePro" device VID "0001" PID "0801"
system 2017/09/24 18:32:57 handlers.go:155: found SN "24F0014" for "John-SurfacePro" device VID "0801" PID "0001"
system 2017/09/24 18:32:57 handlers.go:61: saved checkin for "John-SurfacePro" device VID "0001" PID "0801"
system 2017/09/24 18:32:57 handlers.go:155: found SN "24F0014" for "John-SurfacePro" device VID "0801" PID "0001"
system 2017/09/24 18:32:57 handlers.go:61: saved checkin for "John-SurfacePro" device VID "0001" PID "0801"
system 2017/09/24 18:32:57 handlers.go:140: recorded audit for "John-SurfacePro" device VID "0801" PID "0001" SN "24F0014"
system 2017/09/24 19:54:42 main.go:62: Database "10.2.8-MariaDB" (gocmdbd@localhost/gocmdb) using "mysql" driver
system 2017/09/24 19:54:42 main.go:63: Server started and listening on ":8080"
system 2017/09/24 19:55:17 handlers.go:112: generated SN "24F0041" for "John-SurfacePro" device VID "0001" PID "0801"
system 2017/09/24 19:55:17 handlers.go:103: serial number already set to "24F0014"
system 2017/09/24 19:55:17 handlers.go:61: saved checkin for "John-SurfacePro" device VID "0001" PID "0801"
system 2017/09/24 19:55:17 handlers.go:157: found SN "24F0014" for "John-SurfacePro" device VID "0801" PID "0001"
system 2017/09/24 19:55:17 handlers.go:61: saved checkin for "John-SurfacePro" device VID "0001" PID "0801"
system 2017/09/24 19:55:17 handlers.go:157: found SN "24F0014" for "John-SurfacePro" device VID "0801" PID "0001"
system 2017/09/24 19:55:17 handlers.go:142: recorded audit for "John-SurfacePro" device VID "0801" PID "0001" SN "24F0014"
system 2017/09/24 19:55:17 handlers.go:61: saved checkin for "John-SurfacePro" device VID "0001" PID "0801"
system 2017/09/24 19:55:17 handlers.go:157: found SN "24F0014" for "John-SurfacePro" device VID "0801" PID "0001"
system 2017/09/24 19:55:17 handlers.go:61: saved checkin for "John-SurfacePro" device VID "0001" PID "0801"
system 2017/09/24 19:55:17 handlers.go:157: found SN "24F0014" for "John-SurfacePro" device VID "0801" PID "0001"
system 2017/09/24 19:55:17 handlers.go:61: saved checkin for "John-SurfacePro" device VID "0001" PID "0801"
system 2017/09/24 19:55:17 handlers.go:142: recorded audit for "John-SurfacePro" device VID "0801" PID "0001" SN "24F0014"
